Arguments: 
  /usr/bin/node /usr/share/yarn/bin/yarn.js dev

PATH: 
  /usr/local/sbin:/usr/local/bin:/usr/sbin:/usr/bin:/sbin:/bin:/usr/games:/usr/local/games:/snap/bin:/home/treinamento/.antigen/bundles/robbyrussell/oh-my-zsh/lib:/home/treinamento/.antigen/bundles/robbyrussell/oh-my-zsh/plugins/wd:/home/treinamento/.antigen/bundles/robbyrussell/oh-my-zsh/plugins/git:/home/treinamento/.antigen/bundles/robbyrussell/oh-my-zsh/plugins/git-flow:/home/treinamento/.antigen/bundles/robbyrussell/oh-my-zsh/plugins/command-not-found:/home/treinamento/.antigen/bundles/zsh-users/zsh-syntax-highlighting:/home/treinamento/.antigen/bundles/fparente/nti.zsh

Yarn version: 
  1.2.1

Node version: 
  8.7.0

Platform: 
  linux x64

npm manifest: 
  {
    "name": "senado.nti",
    "version": "1.0.0",
    "description": "Projeto do treinamento",
    "scripts": {
      "dev": "echo --dev--"
    }
    "main": "index.js",
    "author": "Felipe",
    "license": "MIT",
    "dependencies": {
      "bootstrap": "^3.3.7",
      "jquery": "^3.2.1"
    }
  }

yarn manifest: 
  No manifest

Lockfile: 
  # THIS IS AN AUTOGENERATED FILE. DO NOT EDIT THIS FILE DIRECTLY.
  # yarn lockfile v1
  
  
  bootstrap@^3.3.7:
    version "3.3.7"
    resolved "https://registry.yarnpkg.com/bootstrap/-/bootstrap-3.3.7.tgz#5a389394549f23330875a3b150656574f8a9eb71"
  
  jquery@^3.2.1:
    version "3.2.1"
    resolved "https://registry.yarnpkg.com/jquery/-/jquery-3.2.1.tgz#5c4d9de652af6cd0a770154a631bba12b015c787"

Trace: 
  SyntaxError: /home/treinamento/senado.nti/package.json: Unexpected string in JSON at position 138
      at JSON.parse (<anonymous>)
      at /usr/share/yarn/lib/cli.js:770:59
      at Generator.next (<anonymous>)
      at step (/usr/share/yarn/lib/cli.js:92:30)
      at /usr/share/yarn/lib/cli.js:103:13
      at <anonymous>
